<?xml version="1.0" encoding="UTF-8"?>
<testng-results ignored="0" total="1" passed="1" failed="0" skipped="0">
  <reporter-output>
  </reporter-output>
  <suite started-at="2023-11-16T11:45:33 IST" name="Suite" finished-at="2023-11-16T11:45:33 IST" duration-ms="55">
    <groups>
      <group name="B">
        <method signature="groupdemo.logout()[pri:0, instance:AnnnotationTestNG.groupdemo@60bd273d]" name="logout" class="AnnnotationTestNG.groupdemo"/>
      </group> <!-- B -->
    </groups>
    <test started-at="2023-11-16T11:45:33 IST" name="Test" finished-at="2023-11-16T11:45:33 IST" duration-ms="55">
      <class name="AnnnotationTestNG.groupdemo">
        <test-method signature="logout()[pri:0, instance:AnnnotationTestNG.groupdemo@60bd273d]" started-at="2023-11-16T11:45:33 IST" name="logout" finished-at="2023-11-16T11:45:33 IST" duration-ms="8" status="PASS">
          <reporter-output>
          </reporter-output>
        </test-method> <!-- logout -->
      </class> <!-- AnnnotationTestNG.groupdemo -->
    </test> <!-- Test -->
  </suite> <!-- Suite -->
</testng-results>
